<?xml version="1.0" encoding="UTF-8"?>
<!-- Generated by org.testng.reporters.JUnitReportReporter -->
<testsuite hostname="Biplov" failures="0" tests="1" name="Demo.FirstClass" time="0.015" errors="0" timestamp="2021-01-01T15:12:57 NPT" skipped="0">
  <testcase classname="Demo.FirstClass" name="ThirdTC" time="0.015"/>
  <system-out/>
</testsuite> <!-- Demo.FirstClass -->
