<?xml version="1.0" encoding="UTF-8"?>
<!-- Generated by org.testng.reporters.JUnitReportReporter -->
<testsuite hostname="Biplov" failures="0" tests="1" name="Demo.SecondClass" time="0.003" errors="0" timestamp="2020-12-31T17:03:34 NPT" skipped="0">
  <testcase classname="Demo.SecondClass" name="ThirdTC" time="0.003"/>
  <system-out/>
</testsuite> <!-- Demo.SecondClass -->
